<?xml version="1.0" encoding="UTF-8"?>
<!-- Generated by org.testng.reporters.JUnitReportReporter -->
<testsuite hostname="uno-06-pc" failures="0" tests="1" name="TestScripts.HomePageBannerClass" time="2.808" errors="0" timestamp="2025-04-30T18:37:50 IST" skipped="0">
  <testcase classname="TestScripts.HomePageBannerClass" name="AddHomePageBanner" time="2.808"/>
</testsuite> <!-- TestScripts.HomePageBannerClass -->
