<?xml version="1.0" encoding="UTF-8"?>
<!-- Generated by org.testng.reporters.JUnitReportReporter -->
<testsuite hostname="uno-06-pc" failures="0" tests="2" name="TestScripts.LoginClass" time="13.084" errors="0" timestamp="2025-05-06T15:49:31 IST" skipped="0">
  <testcase classname="TestScripts.LoginClass" name="nagetive" time="6.420"/>
  <testcase classname="TestScripts.LoginClass" name="positive" time="6.664"/>
</testsuite> <!-- TestScripts.LoginClass -->
