<?xml version="1.0" encoding="UTF-8"?>
<!-- Generated by org.testng.reporters.JUnitReportReporter -->
<testsuite hostname="uno-06-pc" failures="0" tests="2" name="TestScripts.CreateCategory" time="4.777" errors="0" timestamp="2025-05-22T18:09:37 IST" skipped="0">
  <testcase classname="TestScripts.CreateCategory" name="positive" time="4.773"/>
  <testcase classname="TestScripts.CreateCategory" name="enterProductNameOnly" time="0.004"/>
</testsuite> <!-- TestScripts.CreateCategory -->
