<?xml version="1.0" encoding="UTF-8"?>
<!-- Generated by org.testng.reporters.JUnitReportReporter -->
<testsuite hostname="uno-06-pc" failures="0" tests="2" name="TestScripts.LoginClass" time="1.855" errors="0" timestamp="2025-04-30T15:40:50 IST" skipped="0">
  <testcase classname="TestScripts.LoginClass" name="nagetive" time="0.973"/>
  <testcase classname="TestScripts.LoginClass" name="positive" time="0.882"/>
</testsuite> <!-- TestScripts.LoginClass -->
